Arguments: 
  /Users/andredealbuquerque/.nvm/versions/node/v14.15.1/bin/node /usr/local/Cellar/yarn/1.22.10/libexec/bin/yarn.js build

PATH: 
  /Users/andredealbuquerque/.nvm/versions/node/v14.15.1/bin:/Users/andredealbuquerque/workspace/flutter/bin:/Library/PostgreSQL/12/bin:/usr/local/opt/ruby/bin:/Users/andredealbuquerque/.cargo/bin:/Library/Frameworks/Python.framework/Versions/3.7/bin:/usr/local/bin:/usr/bin:/bin:/usr/sbin:/sbin:/usr/local/go/bin:/usr/local/share/dotnet:~/.dotnet/tools:/Library/Apple/usr/bin:/Library/Frameworks/Mono.framework/Versions/Current/Commands:/Users/andredealbuquerque/.nvm/versions/node/v14.15.1/bin:/Users/andredealbuquerque/workspace/flutter/bin:/Library/PostgreSQL/12/bin:/usr/local/opt/ruby/bin:/Users/andredealbuquerque/.cargo/bin:/Library/Frameworks/Python.framework/Versions/3.7/bin:/Users/andredealbuquerque/.rvm/bin:/Users/andredealbuquerque/.config/nvim/pack/bundle/start/fzf/bin:/Users/andredealbuquerque/bin:/Users/andredealbuquerque/.rvm/bin:/Users/andredealbuquerque/.config/nvim/pack/bundle/start/fzf/bin:/Users/andredealbuquerque/bin

Yarn version: 
  1.22.10

Node version: 
  14.15.1

Platform: 
  darwin x64

Trace: 
  SyntaxError: /Users/andredealbuquerque/OSS/maxstache/package.json: Unexpected string in JSON at position 161
      at JSON.parse (<anonymous>)
      at /usr/local/Cellar/yarn/1.22.10/libexec/lib/cli.js:1625:59
      at Generator.next (<anonymous>)
      at step (/usr/local/Cellar/yarn/1.22.10/libexec/lib/cli.js:310:30)
      at /usr/local/Cellar/yarn/1.22.10/libexec/lib/cli.js:321:13

npm manifest: 
  {
    "name": "maxstache",
    "version": "1.0.0",
    "description": "",
    "main": "index.js",
    "scripts": {
      "dev":"ts-node src/index.ts",
      "build":"tsc"
      "build2":"rimraf ./dist && tsc"
    },
    "keywords": [],
    "author": "André de Albuquerque",
    "license": "MIT"
  }

yarn manifest: 
  No manifest

Lockfile: 
  No lockfile
